\BOOKMARK [0][-]{chapter.1}{Executive Summary}{}% 1
\BOOKMARK [0][-]{chapter.2}{Exercise 10.13.1}{}% 2
\BOOKMARK [1][-]{section.2.1}{Problem Statement}{chapter.2}% 3
\BOOKMARK [1][-]{section.2.2}{Forward Proofs}{chapter.2}% 4
\BOOKMARK [2][-]{subsection.2.2.1}{Relevant Codes}{section.2.2}% 5
\BOOKMARK [2][-]{subsection.2.2.2}{Session Transcript}{section.2.2}% 6
\BOOKMARK [1][-]{section.2.3}{Goal-oriented Proof with PROVE\137TAC}{chapter.2}% 7
\BOOKMARK [2][-]{subsection.2.3.1}{Relevant Codes}{section.2.3}% 8
\BOOKMARK [2][-]{subsection.2.3.2}{Session Transcript}{section.2.3}% 9
\BOOKMARK [1][-]{section.2.4}{Goal-oriented Proof without PROVE\137TAC}{chapter.2}% 10
\BOOKMARK [2][-]{subsection.2.4.1}{Relevant Code}{section.2.4}% 11
\BOOKMARK [2][-]{subsection.2.4.2}{Session Transcript}{section.2.4}% 12
\BOOKMARK [0][-]{chapter.3}{Exercise 13.10.2}{}% 13
\BOOKMARK [1][-]{section.3.1}{Problem Statement}{chapter.3}% 14
\BOOKMARK [1][-]{section.3.2}{Forward Proof}{chapter.3}% 15
\BOOKMARK [2][-]{subsection.3.2.1}{Relevant Code}{section.3.2}% 16
\BOOKMARK [2][-]{subsection.3.2.2}{Session Transcript}{section.3.2}% 17
\BOOKMARK [1][-]{section.3.3}{Goal-oriented Proof with PROVE\137TAC}{chapter.3}% 18
\BOOKMARK [2][-]{subsection.3.3.1}{Relevant Code}{section.3.3}% 19
\BOOKMARK [2][-]{subsection.3.3.2}{Session Transcript}{section.3.3}% 20
\BOOKMARK [1][-]{section.3.4}{Goal-oriented Proof without PROVE\137TAC}{chapter.3}% 21
\BOOKMARK [2][-]{subsection.3.4.1}{Relevant Code}{section.3.4}% 22
\BOOKMARK [2][-]{subsection.3.4.2}{Session Transcript}{section.3.4}% 23
\BOOKMARK [0][-]{chapter.4}{Exercise 14.4.1}{}% 24
\BOOKMARK [1][-]{section.4.1}{Problem Statement}{chapter.4}% 25
\BOOKMARK [1][-]{section.4.2}{Definitions on Datatypes}{chapter.4}% 26
\BOOKMARK [1][-]{section.4.3}{Proof on OpRuleLaunch}{chapter.4}% 27
\BOOKMARK [2][-]{subsection.4.3.1}{Relevant Code}{section.4.3}% 28
\BOOKMARK [2][-]{subsection.4.3.2}{Session Transcript}{section.4.3}% 29
\BOOKMARK [1][-]{section.4.4}{Proof on ApRuleActive}{chapter.4}% 30
\BOOKMARK [2][-]{subsection.4.4.1}{Relevant Code}{section.4.4}% 31
\BOOKMARK [2][-]{subsection.4.4.2}{Session Transcript}{section.4.4}% 32
\BOOKMARK [1][-]{section.4.5}{Proof on OpRuleAbort}{chapter.4}% 33
\BOOKMARK [2][-]{subsection.4.5.1}{Relevant Code}{section.4.5}% 34
\BOOKMARK [2][-]{subsection.4.5.2}{Session Transcript}{section.4.5}% 35
\BOOKMARK [1][-]{section.4.6}{Proof on ApRuleStandDown}{chapter.4}% 36
\BOOKMARK [2][-]{subsection.4.6.1}{Relevant Code}{section.4.6}% 37
\BOOKMARK [2][-]{subsection.4.6.2}{Session Transcript}{section.4.6}% 38
\BOOKMARK [0][-]{appendix.A}{Source Code for example1Script.sml}{}% 39
\BOOKMARK [0][-]{appendix.B}{Source Code for solutions1Script.sml}{}% 40
\BOOKMARK [0][-]{appendix.C}{Source Code for conops0SolutionScript.sml}{}% 41
