\BOOKMARK [0][-]{chapter.1}{Executive Summary}{}% 1
\BOOKMARK [0][-]{chapter.2}{Exercise 15.6.1}{}% 2
\BOOKMARK [1][-]{section.2.1}{Problem Statement}{chapter.2}% 3
\BOOKMARK [1][-]{section.2.2}{Proof of exercise15\1376\1371a\137thm}{chapter.2}% 4
\BOOKMARK [2][-]{subsection.2.2.1}{Relevant Code}{section.2.2}% 5
\BOOKMARK [2][-]{subsection.2.2.2}{Session Transcript}{section.2.2}% 6
\BOOKMARK [1][-]{section.2.3}{Proof of exercise15\1376\1371b\137thm}{chapter.2}% 7
\BOOKMARK [2][-]{subsection.2.3.1}{Relevant Code}{section.2.3}% 8
\BOOKMARK [2][-]{subsection.2.3.2}{Session Transcript}{section.2.3}% 9
\BOOKMARK [0][-]{chapter.3}{Exercise 15.6.2}{}% 10
\BOOKMARK [1][-]{section.3.1}{Problem Statement}{chapter.3}% 11
\BOOKMARK [1][-]{section.3.2}{Proof of exercise\13715\1376\1372a\137thm}{chapter.3}% 12
\BOOKMARK [2][-]{subsection.3.2.1}{Relevant Code}{section.3.2}% 13
\BOOKMARK [2][-]{subsection.3.2.2}{Session Transcript}{section.3.2}% 14
\BOOKMARK [1][-]{section.3.3}{Proof of exercise15\1376\1372b\137thm}{chapter.3}% 15
\BOOKMARK [2][-]{subsection.3.3.1}{Relevant Code}{section.3.3}% 16
\BOOKMARK [2][-]{subsection.3.3.2}{Session Transcript}{section.3.3}% 17
\BOOKMARK [0][-]{chapter.4}{Exercise 15.6.3}{}% 18
\BOOKMARK [1][-]{section.4.1}{Problem Statement}{chapter.4}% 19
\BOOKMARK [1][-]{section.4.2}{Relevant Code}{chapter.4}% 20
\BOOKMARK [1][-]{section.4.3}{Session Transcript}{chapter.4}% 21
\BOOKMARK [0][-]{appendix.A}{Source Code for cipherScript.sml}{}% 22
\BOOKMARK [0][-]{appendix.B}{Source Code for cryptoExerciseScript.sml}{}% 23
