\BOOKMARK [0][-]{chapter.1}{Executive Summary}{}% 1
\BOOKMARK [0][-]{chapter.2}{Exercise 11.6.1}{}% 2
\BOOKMARK [1][-]{section.2.1}{Problem Statement}{chapter.2}% 3
\BOOKMARK [1][-]{section.2.2}{Definition of APP}{chapter.2}% 4
\BOOKMARK [2][-]{subsection.2.2.1}{Code for defining APP}{section.2.2}% 5
\BOOKMARK [2][-]{subsection.2.2.2}{Session Transcript}{section.2.2}% 6
\BOOKMARK [1][-]{section.2.3}{Proof for LENGTH\137APP}{chapter.2}% 7
\BOOKMARK [2][-]{subsection.2.3.1}{Code for Proving LENGTH\137APP}{section.2.3}% 8
\BOOKMARK [2][-]{subsection.2.3.2}{Session Transcript}{section.2.3}% 9
\BOOKMARK [0][-]{chapter.3}{Exercise 11.6.2}{}% 10
\BOOKMARK [1][-]{section.3.1}{Problem Statement}{chapter.3}% 11
\BOOKMARK [1][-]{section.3.2}{Definition of Map}{chapter.3}% 12
\BOOKMARK [2][-]{subsection.3.2.1}{Code for Defining Map}{section.3.2}% 13
\BOOKMARK [2][-]{subsection.3.2.2}{Session Transcript}{section.3.2}% 14
\BOOKMARK [1][-]{section.3.3}{Proof of Map\137APP}{chapter.3}% 15
\BOOKMARK [2][-]{subsection.3.3.1}{Code for Proving Map\137APP}{section.3.3}% 16
\BOOKMARK [2][-]{subsection.3.3.2}{Session Transcript}{section.3.3}% 17
\BOOKMARK [0][-]{chapter.4}{Exercise 11.6.3}{}% 18
\BOOKMARK [1][-]{section.4.1}{Problem Statement}{chapter.4}% 19
\BOOKMARK [1][-]{section.4.2}{Definition of nexp}{chapter.4}% 20
\BOOKMARK [2][-]{subsection.4.2.1}{Code for Defining nexp}{section.4.2}% 21
\BOOKMARK [2][-]{subsection.4.2.2}{Session Transcript}{section.4.2}% 22
\BOOKMARK [1][-]{section.4.3}{Definition of nexpVal}{chapter.4}% 23
\BOOKMARK [2][-]{subsection.4.3.1}{Code for Defining nexpVal}{section.4.3}% 24
\BOOKMARK [2][-]{subsection.4.3.2}{Session Transcript}{section.4.3}% 25
\BOOKMARK [1][-]{section.4.4}{Proof of Add\1370}{chapter.4}% 26
\BOOKMARK [2][-]{subsection.4.4.1}{Code for Proving Add\1370}{section.4.4}% 27
\BOOKMARK [2][-]{subsection.4.4.2}{Session Transcript}{section.4.4}% 28
\BOOKMARK [1][-]{section.4.5}{Proof of Add\137SYM}{chapter.4}% 29
\BOOKMARK [2][-]{subsection.4.5.1}{Code for Proving Add\137SYM}{section.4.5}% 30
\BOOKMARK [2][-]{subsection.4.5.2}{Session Transcript}{section.4.5}% 31
\BOOKMARK [1][-]{section.4.6}{Proof of Sub\1370}{chapter.4}% 32
\BOOKMARK [2][-]{subsection.4.6.1}{Code for Proving Sub\1370}{section.4.6}% 33
\BOOKMARK [2][-]{subsection.4.6.2}{Session Transcript}{section.4.6}% 34
\BOOKMARK [1][-]{section.4.7}{Proof of Mult\137ASSOC}{chapter.4}% 35
\BOOKMARK [2][-]{subsection.4.7.1}{Code for Proving Mult\137ASSOC}{section.4.7}% 36
\BOOKMARK [2][-]{subsection.4.7.2}{Session Transcript}{section.4.7}% 37
\BOOKMARK [0][-]{appendix.A}{Source Code for exTypeScript.sml}{}% 38
\BOOKMARK [0][-]{appendix.B}{Source Code for nexpScript.sml}{}% 39
