This is pdfTeX, Version 3.14159265-2.6-1.40.16 (TeX Live 2015/Debian) (preloaded format=pdflatex 2019.1.15)  29 JAN 2019 18:57
entering extended mode
 restricted \write18 enabled.
 file:line:error style messages enabled.
 %&-line parsing enabled.
**\input P2_jwei15.tex
(./P2_jwei15.tex (/usr/share/texlive/texmf-dist/tex/latex/base/report.cls
Document Class: report 2014/09/29 v1.4h Standard LaTeX document class
(/usr/share/texlive/texmf-dist/tex/latex/base/size10.clo
File: size10.clo 2014/09/29 v1.4h Standard LaTeX file (size option)
)
\c@part=\count79
\c@chapter=\count80
\c@section=\count81
\c@subsection=\count82
\c@subsubsection=\count83
\c@paragraph=\count84
\c@subparagraph=\count85
\c@figure=\count86
\c@table=\count87
\abovecaptionskip=\skip41
\belowcaptionskip=\skip42
\bibindent=\dimen102
)

! LaTeX Error: File `634format.sty' not found.

Type X to quit or <RETURN> to proceed,
or enter new name. (Default extension: sty)

Enter file name: 
./P2_jwei15.tex:5: Emergency stop.
<read *> 
         
l.5 \usepackage
               {amsmath}^^M
*** (cannot \read from terminal in nonstop modes)

 
Here is how much of TeX's memory you used:
 218 strings out of 494953
 2348 string characters out of 6180977
 47935 words of memory out of 5000000
 3593 multiletter control sequences out of 15000+600000
 3640 words of font info for 14 fonts, out of 8000000 for 9000
 14 hyphenation exceptions out of 8191
 23i,0n,17p,124b,36s stack positions out of 5000i,500n,10000p,200000b,80000s
./P2_jwei15.tex:5:  ==> Fatal error occurred, no output PDF file produced!
