\BOOKMARK [0][-]{chapter.1}{Executive Summary}{}% 1
\BOOKMARK [0][-]{chapter.2}{Exercise 16.3.1}{}% 2
\BOOKMARK [1][-]{section.2.1}{Exercise 16.3.1.A}{chapter.2}% 3
\BOOKMARK [2][-]{subsection.2.1.1}{Relevant Code}{section.2.1}% 4
\BOOKMARK [2][-]{subsection.2.1.2}{Session Transcript}{section.2.1}% 5
\BOOKMARK [1][-]{section.2.2}{Exercise 16.3.1.B}{chapter.2}% 6
\BOOKMARK [2][-]{subsection.2.2.1}{Relevant Code}{section.2.2}% 7
\BOOKMARK [2][-]{subsection.2.2.2}{Session Transcript}{section.2.2}% 8
\BOOKMARK [1][-]{section.2.3}{Exercise 16.3.1.C}{chapter.2}% 9
\BOOKMARK [2][-]{subsection.2.3.1}{Relevant Code}{section.2.3}% 10
\BOOKMARK [2][-]{subsection.2.3.2}{Session Transcript}{section.2.3}% 11
\BOOKMARK [0][-]{chapter.3}{Exercise 16.3.2}{}% 12
\BOOKMARK [1][-]{section.3.1}{Exercise 16.3.2.A}{chapter.3}% 13
\BOOKMARK [2][-]{subsection.3.1.1}{Relevant Code}{section.3.1}% 14
\BOOKMARK [2][-]{subsection.3.1.2}{Session Transcript}{section.3.1}% 15
\BOOKMARK [1][-]{section.3.2}{Exercise 16.3.2.B}{chapter.3}% 16
\BOOKMARK [2][-]{subsection.3.2.1}{Relevant Code}{section.3.2}% 17
\BOOKMARK [2][-]{subsection.3.2.2}{Session Transcript}{section.3.2}% 18
\BOOKMARK [1][-]{section.3.3}{Exercise 16.3.2.C}{chapter.3}% 19
\BOOKMARK [2][-]{subsection.3.3.1}{Relevant Code}{section.3.3}% 20
\BOOKMARK [2][-]{subsection.3.3.2}{Session Transcript}{section.3.3}% 21
\BOOKMARK [0][-]{appendix.A}{Source Code for smScript.sml}{}% 22
\BOOKMARK [0][-]{appendix.B}{Source Code for m1Script.sml}{}% 23
\BOOKMARK [0][-]{appendix.C}{Source Code for counterScript.sml}{}% 24
