\BOOKMARK [0][-]{chapter.1}{Executive Summary}{}% 1
\BOOKMARK [0][-]{chapter.2}{Proof of absorptionRule}{}% 2
\BOOKMARK [1][-]{section.2.1}{Problem Statement}{chapter.2}% 3
\BOOKMARK [1][-]{section.2.2}{HOL Code Proving absorptionRule}{chapter.2}% 4
\BOOKMARK [1][-]{section.2.3}{Session Transcript}{chapter.2}% 5
\BOOKMARK [0][-]{chapter.3}{Proof of constructiveDilemmaRule}{}% 6
\BOOKMARK [1][-]{section.3.1}{Problem Statement}{chapter.3}% 7
\BOOKMARK [1][-]{section.3.2}{HOL Code Proving constructiveDilemmaRule}{chapter.3}% 8
\BOOKMARK [1][-]{section.3.3}{Session Transcript}{chapter.3}% 9
\BOOKMARK [0][-]{chapter.4}{Proof of absorptionRule2}{}% 10
\BOOKMARK [1][-]{section.4.1}{Problem Statement}{chapter.4}% 11
\BOOKMARK [1][-]{section.4.2}{HOL Code Proving absorptionRule2}{chapter.4}% 12
\BOOKMARK [1][-]{section.4.3}{Session Transcript}{chapter.4}% 13
\BOOKMARK [0][-]{chapter.5}{Proof of constructiveDilemmaRule2}{}% 14
\BOOKMARK [1][-]{section.5.1}{Problem Statement}{chapter.5}% 15
\BOOKMARK [1][-]{section.5.2}{HOL Code Proving constructiveDilemmaRule2}{chapter.5}% 16
\BOOKMARK [1][-]{section.5.3}{Session Transcript}{chapter.5}% 17
\BOOKMARK [0][-]{chapter.6}{Proof of problem1\137thm}{}% 18
\BOOKMARK [1][-]{section.6.1}{Problem Statement}{chapter.6}% 19
\BOOKMARK [1][-]{section.6.2}{HOL Code Proving problem1\137thm}{chapter.6}% 20
\BOOKMARK [1][-]{section.6.3}{Session Transcript}{chapter.6}% 21
\BOOKMARK [0][-]{chapter.7}{Proof of problem2\137thm}{}% 22
\BOOKMARK [1][-]{section.7.1}{Problem Statement}{chapter.7}% 23
\BOOKMARK [1][-]{section.7.2}{HOL Code Proving problem1\137thm}{chapter.7}% 24
\BOOKMARK [1][-]{section.7.3}{Session Transcript}{chapter.7}% 25
\BOOKMARK [0][-]{chapter.8}{Proof of problem3\137thm}{}% 26
\BOOKMARK [1][-]{section.8.1}{Problem Statement}{chapter.8}% 27
\BOOKMARK [1][-]{section.8.2}{HOL Code Proving problem3\137thm}{chapter.8}% 28
\BOOKMARK [1][-]{section.8.3}{Session Transcript}{chapter.8}% 29
\BOOKMARK [0][-]{appendix.A}{Source Code for exercise9Script}{}% 30
\BOOKMARK [0][-]{appendix.B}{Source Code for exercise10Script}{}% 31
