\BOOKMARK [0][-]{chapter.1}{Executive Summary}{}% 1
\BOOKMARK [0][-]{chapter.2}{Exercise 4.6.3}{}% 2
\BOOKMARK [1][-]{section.2.1}{Problem Statement}{chapter.2}% 3
\BOOKMARK [1][-]{section.2.2}{Relevant Code}{chapter.2}% 4
\BOOKMARK [1][-]{section.2.3}{Test Cases, Execution Transcripts and Explanations}{chapter.2}% 5
\BOOKMARK [2][-]{subsection.2.3.1}{Function test463A and test463B}{section.2.3}% 6
\BOOKMARK [2][-]{subsection.2.3.2}{Question 4.6.3.A}{section.2.3}% 7
\BOOKMARK [2][-]{subsection.2.3.3}{Question 4.6.3.B}{section.2.3}% 8
\BOOKMARK [2][-]{subsection.2.3.4}{Question 4.6.3.C}{section.2.3}% 9
\BOOKMARK [2][-]{subsection.2.3.5}{Question 4.6.3.D}{section.2.3}% 10
\BOOKMARK [2][-]{subsection.2.3.6}{Question 4.6.3.E}{section.2.3}% 11
\BOOKMARK [0][-]{chapter.3}{Exercise 4.6.4}{}% 12
\BOOKMARK [1][-]{section.3.1}{Problem Statement}{chapter.3}% 13
\BOOKMARK [1][-]{section.3.2}{Relevant Code}{chapter.3}% 14
\BOOKMARK [1][-]{section.3.3}{Test Cases, Execution Transcripts and Explanations}{chapter.3}% 15
\BOOKMARK [2][-]{subsection.3.3.1}{Test Cases}{section.3.3}% 16
\BOOKMARK [2][-]{subsection.3.3.2}{Execution Transcripts}{section.3.3}% 17
\BOOKMARK [2][-]{subsection.3.3.3}{Explanations}{section.3.3}% 18
\BOOKMARK [0][-]{chapter.4}{Exercise 5.3.4}{}% 19
\BOOKMARK [1][-]{section.4.1}{Problem Statement}{chapter.4}% 20
\BOOKMARK [1][-]{section.4.2}{Relevant Code}{chapter.4}% 21
\BOOKMARK [1][-]{section.4.3}{Test Cases, Execution Transcripts and Explanations }{chapter.4}% 22
\BOOKMARK [2][-]{subsection.4.3.1}{Test Cases}{section.4.3}% 23
\BOOKMARK [2][-]{subsection.4.3.2}{Execution Transcripts}{section.4.3}% 24
\BOOKMARK [2][-]{subsection.4.3.3}{Explanations}{section.4.3}% 25
\BOOKMARK [0][-]{chapter.5}{Exercise 5.3.5}{}% 26
\BOOKMARK [1][-]{section.5.1}{Problem Statement}{chapter.5}% 27
\BOOKMARK [1][-]{section.5.2}{Relevant Code}{chapter.5}% 28
\BOOKMARK [1][-]{section.5.3}{Test Cases, Execution Transcripts and Explanations}{chapter.5}% 29
\BOOKMARK [2][-]{subsection.5.3.1}{Test Cases}{section.5.3}% 30
\BOOKMARK [2][-]{subsection.5.3.2}{Execution Transcripts}{section.5.3}% 31
\BOOKMARK [2][-]{subsection.5.3.3}{Explanations}{section.5.3}% 32
\BOOKMARK [0][-]{appendix.A}{Source Code for Exercise 4.6.3}{}% 33
\BOOKMARK [0][-]{appendix.B}{Source Code for Exercise 4.6.4}{}% 34
\BOOKMARK [0][-]{appendix.C}{Source Code for Exercise 5.3.4}{}% 35
\BOOKMARK [0][-]{appendix.D}{Source Code for Exercise 5.3.5}{}% 36
