This is pdfTeX, Version 3.14159265-2.6-1.40.16 (TeX Live 2015/Debian) (preloaded format=pdflatex 2019.1.15)  5 FEB 2019 09:56
entering extended mode
 restricted \write18 enabled.
 file:line:error style messages enabled.
 %&-line parsing enabled.
**\input P3_jwei15.tex
(./P3_jwei15.tex (/usr/share/texlive/texmf-dist/tex/latex/base/report.cls
Document Class: report 2014/09/29 v1.4h Standard LaTeX document class
(/usr/share/texlive/texmf-dist/tex/latex/base/size10.clo
File: size10.clo 2014/09/29 v1.4h Standard LaTeX file (size option)
)
\c@part=\count79
\c@chapter=\count80
\c@section=\count81
\c@subsection=\count82
\c@subsubsection=\count83
\c@paragraph=\count84
\c@subparagraph=\count85
\c@figure=\count86
\c@table=\count87
\abovecaptionskip=\skip41
\belowcaptionskip=\skip42
\bibindent=\dimen102
) (./634format.sty
(/usr/share/texlive/texmf-dist/tex/latex/geometry/geometry.sty
Package: geometry 2010/09/12 v5.6 Page Geometry

(/usr/share/texlive/texmf-dist/tex/latex/graphics/keyval.sty
Package: keyval 2014/10/28 v1.15 key=value parser (DPC)
\KV@toks@=\toks14
)
(/usr/share/texlive/texmf-dist/tex/generic/oberdiek/ifpdf.sty
Package: ifpdf 2011/01/30 v2.3 Provides the ifpdf switch (HO)
Package ifpdf Info: pdfTeX in PDF mode is detected.
)
(/usr/share/texlive/texmf-dist/tex/generic/oberdiek/ifvtex.sty
Package: ifvtex 2010/03/01 v1.5 Detect VTeX and its facilities (HO)
Package ifvtex Info: VTeX not detected.
)
(/usr/share/texlive/texmf-dist/tex/generic/ifxetex/ifxetex.sty
Package: ifxetex 2010/09/12 v0.6 Provides ifxetex conditional
)
\Gm@cnth=\count88
\Gm@cntv=\count89
\c@Gm@tempcnt=\count90
\Gm@bindingoffset=\dimen103
\Gm@wd@mp=\dimen104
\Gm@odd@mp=\dimen105
\Gm@even@mp=\dimen106
\Gm@layoutwidth=\dimen107
\Gm@layoutheight=\dimen108
\Gm@layouthoffset=\dimen109
\Gm@layoutvoffset=\dimen110
\Gm@dimlist=\toks15
)
(/usr/share/texlive/texmf-dist/tex/latex/fancyhdr/fancyhdr.sty
\fancy@headwidth=\skip43
\f@ncyO@elh=\skip44
\f@ncyO@erh=\skip45
\f@ncyO@olh=\skip46
\f@ncyO@orh=\skip47
\f@ncyO@elf=\skip48
\f@ncyO@erf=\skip49
\f@ncyO@olf=\skip50
\f@ncyO@orf=\skip51
)

Package Fancyhdr Warning: \fancyhead's `E' option without twoside option is use
less on input line 30.

(/usr/share/texlive/texmf-dist/tex/latex/graphics/color.sty
Package: color 2016/01/03 v1.1b Standard LaTeX Color (DPC)

(/usr/share/texlive/texmf-dist/tex/latex/latexconfig/color.cfg
File: color.cfg 2007/01/18 v1.5 color configuration of teTeX/TeXLive
)
Package color Info: Driver file: pdftex.def on input line 143.

(/usr/share/texlive/texmf-dist/tex/latex/pdftex-def/pdftex.def
File: pdftex.def 2011/05/27 v0.06d Graphics/color for pdfTeX

(/usr/share/texlive/texmf-dist/tex/generic/oberdiek/infwarerr.sty
Package: infwarerr 2010/04/08 v1.3 Providing info/warning/error messages (HO)
)
(/usr/share/texlive/texmf-dist/tex/generic/oberdiek/ltxcmds.sty
Package: ltxcmds 2011/11/09 v1.22 LaTeX kernel commands for general use (HO)
)
\Gread@gobject=\count91
)))
(/usr/share/texlive/texmf-dist/tex/latex/amsmath/amsmath.sty
Package: amsmath 2016/03/03 v2.15a AMS math features
\@mathmargin=\skip52

For additional information on amsmath, use the `?' option.
(/usr/share/texlive/texmf-dist/tex/latex/amsmath/amstext.sty
Package: amstext 2000/06/29 v2.01 AMS text

(/usr/share/texlive/texmf-dist/tex/latex/amsmath/amsgen.sty
File: amsgen.sty 1999/11/30 v2.0 generic functions
\@emptytoks=\toks16
\ex@=\dimen111
))
(/usr/share/texlive/texmf-dist/tex/latex/amsmath/amsbsy.sty
Package: amsbsy 1999/11/29 v1.2d Bold Symbols
\pmbraise@=\dimen112
)
(/usr/share/texlive/texmf-dist/tex/latex/amsmath/amsopn.sty
Package: amsopn 1999/12/14 v2.01 operator names
)
\inf@bad=\count92
LaTeX Info: Redefining \frac on input line 199.
\uproot@=\count93
\leftroot@=\count94
LaTeX Info: Redefining \overline on input line 297.
\classnum@=\count95
\DOTSCASE@=\count96
LaTeX Info: Redefining \ldots on input line 394.
LaTeX Info: Redefining \dots on input line 397.
LaTeX Info: Redefining \cdots on input line 518.
\Mathstrutbox@=\box26
\strutbox@=\box27
\big@size=\dimen113
LaTeX Font Info:    Redeclaring font encoding OML on input line 630.
LaTeX Font Info:    Redeclaring font encoding OMS on input line 631.
\macc@depth=\count97
\c@MaxMatrixCols=\count98
\dotsspace@=\muskip10
\c@parentequation=\count99
\dspbrk@lvl=\count100
\tag@help=\toks17
\row@=\count101
\column@=\count102
\maxfields@=\count103
\andhelp@=\toks18
\eqnshift@=\dimen114
\alignsep@=\dimen115
\tagshift@=\dimen116
\tagwidth@=\dimen117
\totwidth@=\dimen118
\lineht@=\dimen119
\@envbody=\toks19
\multlinegap=\skip53
\multlinetaggap=\skip54
\mathdisplay@stack=\toks20
LaTeX Info: Redefining \[ on input line 2735.
LaTeX Info: Redefining \] on input line 2736.
)
(/usr/share/texlive/texmf-dist/tex/latex/listings/listings.sty
\lst@mode=\count104
\lst@gtempboxa=\box28
\lst@token=\toks21
\lst@length=\count105
\lst@currlwidth=\dimen120
\lst@column=\count106
\lst@pos=\count107
\lst@lostspace=\dimen121
\lst@width=\dimen122
\lst@newlines=\count108
\lst@lineno=\count109
\lst@maxwidth=\dimen123

(/usr/share/texlive/texmf-dist/tex/latex/listings/lstmisc.sty
File: lstmisc.sty 2015/06/04 1.6 (Carsten Heinz)
\c@lstnumber=\count110
\lst@skipnumbers=\count111
\lst@framebox=\box29
)
(/usr/share/texlive/texmf-dist/tex/latex/listings/listings.cfg
File: listings.cfg 2015/06/04 1.6 listings configuration
))
Package: listings 2015/06/04 1.6 (Carsten Heinz)

(/usr/share/texlive/texmf-dist/tex/latex/base/textcomp.sty
Package: textcomp 2005/09/27 v1.99g Standard LaTeX package
Package textcomp Info: Sub-encoding information:
(textcomp)               5 = only ISO-Adobe without \textcurrency
(textcomp)               4 = 5 + \texteuro
(textcomp)               3 = 4 + \textohm
(textcomp)               2 = 3 + \textestimated + \textcurrency
(textcomp)               1 = TS1 - \textcircled - \t
(textcomp)               0 = TS1 (full)
(textcomp)             Font families with sub-encoding setting implement
(textcomp)             only a restricted character set as indicated.
(textcomp)             Family '?' is the default used for unknown fonts.
(textcomp)             See the documentation for details.
Package textcomp Info: Setting ? sub-encoding to TS1/1 on input line 79.

(/usr/share/texlive/texmf-dist/tex/latex/base/ts1enc.def
File: ts1enc.def 2001/06/05 v3.0e (jk/car/fm) Standard LaTeX file
)
LaTeX Info: Redefining \oldstylenums on input line 334.
Package textcomp Info: Setting cmr sub-encoding to TS1/0 on input line 349.
Package textcomp Info: Setting cmss sub-encoding to TS1/0 on input line 350.
Package textcomp Info: Setting cmtt sub-encoding to TS1/0 on input line 351.
Package textcomp Info: Setting cmvtt sub-encoding to TS1/0 on input line 352.
Package textcomp Info: Setting cmbr sub-encoding to TS1/0 on input line 353.
Package textcomp Info: Setting cmtl sub-encoding to TS1/0 on input line 354.
Package textcomp Info: Setting ccr sub-encoding to TS1/0 on input line 355.
Package textcomp Info: Setting ptm sub-encoding to TS1/4 on input line 356.
Package textcomp Info: Setting pcr sub-encoding to TS1/4 on input line 357.
Package textcomp Info: Setting phv sub-encoding to TS1/4 on input line 358.
Package textcomp Info: Setting ppl sub-encoding to TS1/3 on input line 359.
Package textcomp Info: Setting pag sub-encoding to TS1/4 on input line 360.
Package textcomp Info: Setting pbk sub-encoding to TS1/4 on input line 361.
Package textcomp Info: Setting pnc sub-encoding to TS1/4 on input line 362.
Package textcomp Info: Setting pzc sub-encoding to TS1/4 on input line 363.
Package textcomp Info: Setting bch sub-encoding to TS1/4 on input line 364.
Package textcomp Info: Setting put sub-encoding to TS1/5 on input line 365.
Package textcomp Info: Setting uag sub-encoding to TS1/5 on input line 366.
Package textcomp Info: Setting ugq sub-encoding to TS1/5 on input line 367.
Package textcomp Info: Setting ul8 sub-encoding to TS1/4 on input line 368.
Package textcomp Info: Setting ul9 sub-encoding to TS1/4 on input line 369.
Package textcomp Info: Setting augie sub-encoding to TS1/5 on input line 370.
Package textcomp Info: Setting dayrom sub-encoding to TS1/3 on input line 371.
Package textcomp Info: Setting dayroms sub-encoding to TS1/3 on input line 372.

Package textcomp Info: Setting pxr sub-encoding to TS1/0 on input line 373.
Package textcomp Info: Setting pxss sub-encoding to TS1/0 on input line 374.
Package textcomp Info: Setting pxtt sub-encoding to TS1/0 on input line 375.
Package textcomp Info: Setting txr sub-encoding to TS1/0 on input line 376.
Package textcomp Info: Setting txss sub-encoding to TS1/0 on input line 377.
Package textcomp Info: Setting txtt sub-encoding to TS1/0 on input line 378.
Package textcomp Info: Setting lmr sub-encoding to TS1/0 on input line 379.
Package textcomp Info: Setting lmdh sub-encoding to TS1/0 on input line 380.
Package textcomp Info: Setting lmss sub-encoding to TS1/0 on input line 381.
Package textcomp Info: Setting lmssq sub-encoding to TS1/0 on input line 382.
Package textcomp Info: Setting lmvtt sub-encoding to TS1/0 on input line 383.
Package textcomp Info: Setting lmtt sub-encoding to TS1/0 on input line 384.
Package textcomp Info: Setting qhv sub-encoding to TS1/0 on input line 385.
Package textcomp Info: Setting qag sub-encoding to TS1/0 on input line 386.
Package textcomp Info: Setting qbk sub-encoding to TS1/0 on input line 387.
Package textcomp Info: Setting qcr sub-encoding to TS1/0 on input line 388.
Package textcomp Info: Setting qcs sub-encoding to TS1/0 on input line 389.
Package textcomp Info: Setting qpl sub-encoding to TS1/0 on input line 390.
Package textcomp Info: Setting qtm sub-encoding to TS1/0 on input line 391.
Package textcomp Info: Setting qzc sub-encoding to TS1/0 on input line 392.
Package textcomp Info: Setting qhvc sub-encoding to TS1/0 on input line 393.
Package textcomp Info: Setting futs sub-encoding to TS1/4 on input line 394.
Package textcomp Info: Setting futx sub-encoding to TS1/4 on input line 395.
Package textcomp Info: Setting futj sub-encoding to TS1/4 on input line 396.
Package textcomp Info: Setting hlh sub-encoding to TS1/3 on input line 397.
Package textcomp Info: Setting hls sub-encoding to TS1/3 on input line 398.
Package textcomp Info: Setting hlst sub-encoding to TS1/3 on input line 399.
Package textcomp Info: Setting hlct sub-encoding to TS1/5 on input line 400.
Package textcomp Info: Setting hlx sub-encoding to TS1/5 on input line 401.
Package textcomp Info: Setting hlce sub-encoding to TS1/5 on input line 402.
Package textcomp Info: Setting hlcn sub-encoding to TS1/5 on input line 403.
Package textcomp Info: Setting hlcw sub-encoding to TS1/5 on input line 404.
Package textcomp Info: Setting hlcf sub-encoding to TS1/5 on input line 405.
Package textcomp Info: Setting pplx sub-encoding to TS1/3 on input line 406.
Package textcomp Info: Setting pplj sub-encoding to TS1/3 on input line 407.
Package textcomp Info: Setting ptmx sub-encoding to TS1/4 on input line 408.
Package textcomp Info: Setting ptmj sub-encoding to TS1/4 on input line 409.
)
(/usr/share/texlive/texmf-dist/tex/latex/hyperref/hyperref.sty
Package: hyperref 2012/11/06 v6.83m Hypertext links for LaTeX

(/usr/share/texlive/texmf-dist/tex/generic/oberdiek/hobsub-hyperref.sty
Package: hobsub-hyperref 2012/05/28 v1.13 Bundle oberdiek, subset hyperref (HO)


(/usr/share/texlive/texmf-dist/tex/generic/oberdiek/hobsub-generic.sty
Package: hobsub-generic 2012/05/28 v1.13 Bundle oberdiek, subset generic (HO)
Package: hobsub 2012/05/28 v1.13 Construct package bundles (HO)
Package hobsub Info: Skipping package `infwarerr' (already loaded).
Package hobsub Info: Skipping package `ltxcmds' (already loaded).
Package: ifluatex 2010/03/01 v1.3 Provides the ifluatex switch (HO)
Package ifluatex Info: LuaTeX not detected.
Package hobsub Info: Skipping package `ifvtex' (already loaded).
Package: intcalc 2007/09/27 v1.1 Expandable calculations with integers (HO)
Package hobsub Info: Skipping package `ifpdf' (already loaded).
Package: etexcmds 2011/02/16 v1.5 Avoid name clashes with e-TeX commands (HO)
Package etexcmds Info: Could not find \expanded.
(etexcmds)             That can mean that you are not using pdfTeX 1.50 or
(etexcmds)             that some package has redefined \expanded.
(etexcmds)             In the latter case, load this package earlier.
Package: kvsetkeys 2012/04/25 v1.16 Key value parser (HO)
Package: kvdefinekeys 2011/04/07 v1.3 Define keys (HO)
Package: pdftexcmds 2011/11/29 v0.20 Utility functions of pdfTeX for LuaTeX (HO
)
Package pdftexcmds Info: LuaTeX not detected.
Package pdftexcmds Info: \pdf@primitive is available.
Package pdftexcmds Info: \pdf@ifprimitive is available.
Package pdftexcmds Info: \pdfdraftmode found.
Package: pdfescape 2011/11/25 v1.13 Implements pdfTeX's escape features (HO)
Package: bigintcalc 2012/04/08 v1.3 Expandable calculations on big integers (HO
)
Package: bitset 2011/01/30 v1.1 Handle bit-vector datatype (HO)
Package: uniquecounter 2011/01/30 v1.2 Provide unlimited unique counter (HO)
)
Package hobsub Info: Skipping package `hobsub' (already loaded).
Package: letltxmacro 2010/09/02 v1.4 Let assignment for LaTeX macros (HO)
Package: hopatch 2012/05/28 v1.2 Wrapper for package hooks (HO)
Package: xcolor-patch 2011/01/30 xcolor patch
Package: atveryend 2011/06/30 v1.8 Hooks at the very end of document (HO)
Package atveryend Info: \enddocument detected (standard20110627).
Package: atbegshi 2011/10/05 v1.16 At begin shipout hook (HO)
Package: refcount 2011/10/16 v3.4 Data extraction from label references (HO)
Package: hycolor 2011/01/30 v1.7 Color options for hyperref/bookmark (HO)
)
(/usr/share/texlive/texmf-dist/tex/latex/oberdiek/auxhook.sty
Package: auxhook 2011/03/04 v1.3 Hooks for auxiliary files (HO)
)
(/usr/share/texlive/texmf-dist/tex/latex/oberdiek/kvoptions.sty
Package: kvoptions 2011/06/30 v3.11 Key value format for package options (HO)
)
\@linkdim=\dimen124
\Hy@linkcounter=\count112
\Hy@pagecounter=\count113

(/usr/share/texlive/texmf-dist/tex/latex/hyperref/pd1enc.def
File: pd1enc.def 2012/11/06 v6.83m Hyperref: PDFDocEncoding definition (HO)
)
\Hy@SavedSpaceFactor=\count114

(/usr/share/texlive/texmf-dist/tex/latex/latexconfig/hyperref.cfg
File: hyperref.cfg 2002/06/06 v1.2 hyperref configuration of TeXLive
)
Package hyperref Info: Hyper figures OFF on input line 4443.
Package hyperref Info: Link nesting OFF on input line 4448.
Package hyperref Info: Hyper index ON on input line 4451.
Package hyperref Info: Plain pages OFF on input line 4458.
Package hyperref Info: Backreferencing OFF on input line 4463.
Package hyperref Info: Implicit mode ON; LaTeX internals redefined.
Package hyperref Info: Bookmarks ON on input line 4688.
\c@Hy@tempcnt=\count115

(/usr/share/texlive/texmf-dist/tex/latex/url/url.sty
\Urlmuskip=\muskip11
Package: url 2013/09/16  ver 3.4  Verb mode for urls, etc.
)
LaTeX Info: Redefining \url on input line 5041.
\XeTeXLinkMargin=\dimen125
\Fld@menulength=\count116
\Field@Width=\dimen126
\Fld@charsize=\dimen127
Package hyperref Info: Hyper figures OFF on input line 6295.
Package hyperref Info: Link nesting OFF on input line 6300.
Package hyperref Info: Hyper index ON on input line 6303.
Package hyperref Info: backreferencing OFF on input line 6310.
Package hyperref Info: Link coloring OFF on input line 6315.
Package hyperref Info: Link coloring with OCG OFF on input line 6320.
Package hyperref Info: PDF/A mode OFF on input line 6325.
LaTeX Info: Redefining \ref on input line 6365.
LaTeX Info: Redefining \pageref on input line 6369.
\Hy@abspage=\count117
\c@Item=\count118
\c@Hfootnote=\count119
)

Package hyperref Message: Driver (autodetected): hpdftex.

(/usr/share/texlive/texmf-dist/tex/latex/hyperref/hpdftex.def
File: hpdftex.def 2012/11/06 v6.83m Hyperref driver for pdfTeX
\Fld@listcount=\count120
\c@bookmark@seq@number=\count121

(/usr/share/texlive/texmf-dist/tex/latex/oberdiek/rerunfilecheck.sty
Package: rerunfilecheck 2011/04/15 v1.7 Rerun checks for auxiliary files (HO)
Package uniquecounter Info: New unique counter `rerunfilecheck' on input line 2
82.
)
\Hy@SectionHShift=\skip55
)
(./holtex.sty (./holtexbasic.sty
(/usr/share/texlive/texmf-dist/tex/latex/amsfonts/amssymb.sty
Package: amssymb 2013/01/14 v3.01 AMS font symbols

(/usr/share/texlive/texmf-dist/tex/latex/amsfonts/amsfonts.sty
Package: amsfonts 2013/01/14 v3.01 Basic AMSFonts support
\symAMSa=\mathgroup4
\symAMSb=\mathgroup5
LaTeX Font Info:    Overwriting math alphabet `\mathfrak' in version `bold'
(Font)                  U/euf/m/n --> U/euf/b/n on input line 106.
))
(/usr/share/texlive/texmf-dist/tex/latex/base/makeidx.sty
Package: makeidx 2014/09/29 v1.0m Standard LaTeX package
)
(/usr/share/texlive/texmf-dist/tex/latex/underscore/underscore.sty
Package: underscore 2006/09/13
LaTeX Info: Redefining \_ on input line 42.
)
(/usr/share/texlive/texmf-dist/tex/latex/fancyvrb/fancyvrb.sty
Package: fancyvrb 2008/02/07

Style option: `fancyvrb' v2.7a, with DG/SPQR fixes, and firstline=lastline fix 
<2008/02/07> (tvz)
\FV@CodeLineNo=\count122
\FV@InFile=\read1
\FV@TabBox=\box30
\c@FancyVerbLine=\count123
\FV@StepNumber=\count124
\FV@OutFile=\write3
))) (./commands.tex
\minipagewidth=\skip56
\hsbw=\skip57
\c@sessioncount=\count125
)
(/usr/share/texlive/texmf-dist/tex/latex/listings/lstlang1.sty
File: lstlang1.sty 2015/06/04 1.6 listings language file
)
(/usr/share/texlive/texmf-dist/tex/latex/listings/lstlang2.sty
File: lstlang2.sty 2015/06/04 1.6 listings language file
)
(./P3_jwei15.aux)
\openout1 = `P3_jwei15.aux'.

LaTeX Font Info:    Checking defaults for OML/cmm/m/it on input line 21.
LaTeX Font Info:    ... okay on input line 21.
LaTeX Font Info:    Checking defaults for T1/cmr/m/n on input line 21.
LaTeX Font Info:    ... okay on input line 21.
LaTeX Font Info:    Checking defaults for OT1/cmr/m/n on input line 21.
LaTeX Font Info:    ... okay on input line 21.
LaTeX Font Info:    Checking defaults for OMS/cmsy/m/n on input line 21.
LaTeX Font Info:    ... okay on input line 21.
LaTeX Font Info:    Checking defaults for OMX/cmex/m/n on input line 21.
LaTeX Font Info:    ... okay on input line 21.
LaTeX Font Info:    Checking defaults for U/cmr/m/n on input line 21.
LaTeX Font Info:    ... okay on input line 21.
LaTeX Font Info:    Checking defaults for TS1/cmr/m/n on input line 21.
LaTeX Font Info:    Try loading font information for TS1+cmr on input line 21.
 (/usr/share/texlive/texmf-dist/tex/latex/base/ts1cmr.fd
File: ts1cmr.fd 2014/09/29 v2.5h Standard LaTeX font definitions
)
LaTeX Font Info:    ... okay on input line 21.
LaTeX Font Info:    Checking defaults for PD1/pdf/m/n on input line 21.
LaTeX Font Info:    ... okay on input line 21.

*geometry* driver: auto-detecting
*geometry* detected driver: pdftex
*geometry* verbose mode - [ preamble ] result:
* driver: pdftex
* paper: letterpaper
* layout: <same size as paper>
* layoutoffset:(h,v)=(0.0pt,0.0pt)
* modes: 
* h-part:(L,W,R)=(72.27pt, 469.75499pt, 72.27pt)
* v-part:(T,H,B)=(91.04881pt, 640.187pt, 63.73418pt)
* \paperwidth=614.295pt
* \paperheight=794.96999pt
* \textwidth=469.75499pt
* \textheight=640.187pt
* \oddsidemargin=0.00002pt
* \evensidemargin=0.00002pt
* \topmargin=-17.22118pt
* \headheight=16.0pt
* \headsep=20.0pt
* \topskip=10.0pt
* \footskip=36.98857pt
* \marginparwidth=65.0pt
* \marginparsep=11.0pt
* \columnsep=10.0pt
* \skip\footins=9.0pt plus 4.0pt minus 2.0pt
* \hoffset=0.0pt
* \voffset=0.0pt
* \mag=1000
* \@twocolumnfalse
* \@twosidefalse
* \@mparswitchfalse
* \@reversemarginfalse
* (1in=72.27pt=25.4mm, 1cm=28.453pt)

(/usr/share/texlive/texmf-dist/tex/context/base/supp-pdf.mkii
[Loading MPS to PDF converter (version 2006.09.02).]
\scratchcounter=\count126
\scratchdimen=\dimen128
\scratchbox=\box31
\nofMPsegments=\count127
\nofMParguments=\count128
\everyMPshowfont=\toks22
\MPscratchCnt=\count129
\MPscratchDim=\dimen129
\MPnumerator=\count130
\makeMPintoPDFobject=\count131
\everyMPtoPDFconversion=\toks23
)
\c@lstlisting=\count132
\AtBeginShipoutBox=\box32
Package hyperref Info: Link coloring OFF on input line 21.
 (/usr/share/texlive/texmf-dist/tex/latex/hyperref/nameref.sty
Package: nameref 2012/10/27 v2.43 Cross-referencing by name of section

(/usr/share/texlive/texmf-dist/tex/generic/oberdiek/gettitlestring.sty
Package: gettitlestring 2010/12/03 v1.4 Cleanup title references (HO)
)
\c@section@level=\count133
)
LaTeX Info: Redefining \ref on input line 21.
LaTeX Info: Redefining \pageref on input line 21.
LaTeX Info: Redefining \nameref on input line 21.

(./P3_jwei15.out) (./P3_jwei15.out)
\@outlinefile=\write4
\openout4 = `P3_jwei15.out'.

LaTeX Font Info:    Try loading font information for U+msa on input line 22.

(/usr/share/texlive/texmf-dist/tex/latex/amsfonts/umsa.fd
File: umsa.fd 2013/01/14 v3.01 AMS symbols A
)
LaTeX Font Info:    Try loading font information for U+msb on input line 22.

(/usr/share/texlive/texmf-dist/tex/latex/amsfonts/umsb.fd
File: umsb.fd 2013/01/14 v3.01 AMS symbols B
) [1

{/var/lib/texmf/fonts/map/pdftex/updmap/pdftex.map}]pdfTeX warning (ext4): dest
ination with the same identifier (name{page.1}) has been already used, duplicat
e ignored
<to be read again> 
                   \relax 
l.33 \end{abstract}
                    [1]
Overfull \hbox (12.25523pt too wide) in paragraph at lines 36--37
[]\OT1/cmr/bx/n/10 Acknowledgments: \OT1/cmr/m/n/10 This project re-port fol-lo
ws the for-mat of doc-u-ment \OT1/cmr/m/it/10 project2ExampleReport.pdf
 []

pdfTeX warning (ext4): destination with the same identifier (name{page.1}) has 
been already used, duplicate ignored
<to be read again> 
                   \relax 
l.39 \tableofcontents
                     {} [1] (./P3_jwei15.toc)
\tf@toc=\write5
\openout5 = `P3_jwei15.toc'.

 [2

]
Chapter 1.
[3

]
Chapter 2.
LaTeX Font Info:    Try loading font information for OML+cmr on input line 100.

(/usr/share/texlive/texmf-dist/tex/latex/base/omlcmr.fd
File: omlcmr.fd 2014/09/29 v2.5h Standard LaTeX font definitions
)
LaTeX Font Info:    Font shape `OML/cmr/m/n' in size <10> not available
(Font)              Font shape `OML/cmm/m/it' tried instead on input line 100.
 [4

]
Overfull \hbox (10.2499pt too wide) in paragraph at lines 170--171
[][][][][][][][] 
 []


Overfull \hbox (10.2499pt too wide) in paragraph at lines 171--172
[][][][][][][][] 
 []


Overfull \hbox (10.2499pt too wide) in paragraph at lines 172--173
[][][][][][][][][][][][][][][][][][][][][][][][][] 
 []


Overfull \hbox (10.2499pt too wide) in paragraph at lines 173--174
[][][][][][][][] 
 []


Overfull \hbox (10.2499pt too wide) in paragraph at lines 174--175
[][][][][][][][] 
 []

[5]
Overfull \hbox (10.2499pt too wide) in paragraph at lines 215--216
[][][][][][][][] 
 []


Overfull \hbox (10.2499pt too wide) in paragraph at lines 216--217
[][][][][][][][] 
 []


Overfull \hbox (10.2499pt too wide) in paragraph at lines 217--218
[][][][][][][][][][][][][][][][][][][][][][][][][] 
 []


Overfull \hbox (10.2499pt too wide) in paragraph at lines 218--219
[][][][][][][][] 
 []


Overfull \hbox (10.2499pt too wide) in paragraph at lines 219--220
[][][][][][][][] 
 []


Overfull \hbox (10.2499pt too wide) in paragraph at lines 262--263
[][][][][][][][] 
 []


Overfull \hbox (10.2499pt too wide) in paragraph at lines 263--264
[][][][][][][][] 
 []


Overfull \hbox (10.2499pt too wide) in paragraph at lines 264--265
[][][][][][][][][][][][][][][][][][][][][][][][][] 
 []


Overfull \hbox (10.2499pt too wide) in paragraph at lines 265--266
[][][][][][][][] 
 []


Overfull \hbox (10.2499pt too wide) in paragraph at lines 266--267
[][][][][][][][] 
 []

[6]
Overfull \hbox (10.2499pt too wide) in paragraph at lines 305--306
[][][][][][][][] 
 []


Overfull \hbox (10.2499pt too wide) in paragraph at lines 306--307
[][][][][][][][] 
 []


Overfull \hbox (10.2499pt too wide) in paragraph at lines 307--308
[][][][][][][][][][][][][][][][][][][][][][][][][] 
 []


Overfull \hbox (10.2499pt too wide) in paragraph at lines 308--309
[][][][][][][][] 
 []


Overfull \hbox (10.2499pt too wide) in paragraph at lines 309--311
[][][][][][][][] 
 []

[7]
Overfull \hbox (10.2499pt too wide) in paragraph at lines 356--357
[][][][][][][][] 
 []


Overfull \hbox (10.2499pt too wide) in paragraph at lines 357--358
[][][][][][][][] 
 []


Overfull \hbox (10.2499pt too wide) in paragraph at lines 358--359
[][][][][][][][][][][][][][][][][][][][][][][][][] 
 []


Overfull \hbox (10.2499pt too wide) in paragraph at lines 359--360
[][][][][][][][] 
 []


Overfull \hbox (10.2499pt too wide) in paragraph at lines 360--362
[][][][][][][][] 
 []

[8]
Chapter 3.
LaTeX Font Info:    Try loading font information for OMS+cmr on input line 403.

(/usr/share/texlive/texmf-dist/tex/latex/base/omscmr.fd
File: omscmr.fd 2014/09/29 v2.5h Standard LaTeX font definitions
)
LaTeX Font Info:    Font shape `OMS/cmr/m/n' in size <10> not available
(Font)              Font shape `OMS/cmsy/m/n' tried instead on input line 403.

Overfull \hbox (10.2499pt too wide) in paragraph at lines 418--419
[][][][][][] 
 []


Overfull \hbox (10.2499pt too wide) in paragraph at lines 419--420
[][][][][][][][][][][][] 
 []


Overfull \hbox (10.2499pt too wide) in paragraph at lines 420--421
[][][][][][][][][][][][][][][][][] 
 []


Overfull \hbox (10.2499pt too wide) in paragraph at lines 421--422
[][][][][][][][][][][][][][][][][] 
 []


Overfull \hbox (10.2499pt too wide) in paragraph at lines 422--424
[][][][][][] 
 []


Overfull \hbox (10.2499pt too wide) in paragraph at lines 424--425
[][][][][][][][] 
 []


Overfull \hbox (10.2499pt too wide) in paragraph at lines 425--426
[][][][][][][][] 
 []


Overfull \hbox (10.2499pt too wide) in paragraph at lines 426--427
[][][][][][][][][][][][][][][][][][] 
 []


Overfull \hbox (10.2499pt too wide) in paragraph at lines 427--428
[][][][][][][][] 
 []


Overfull \hbox (10.2499pt too wide) in paragraph at lines 428--430
[][][][][][][][] 
 []

[9

]pdfTeX warning (ext4): destination with the same identifier (name{sessioncount
.1}) has been already used, duplicate ignored
<to be read again> 
                   \relax 
l.449 \begin{session}
                      [10]
Chapter 4.

Overfull \hbox (10.2499pt too wide) in paragraph at lines 496--497
[][][][][][] 
 []


Overfull \hbox (10.2499pt too wide) in paragraph at lines 497--498
[][][][][][][][][][][][] 
 []


Overfull \hbox (10.2499pt too wide) in paragraph at lines 498--499
[][][][][][][][][][][][][][][][][] 
 []


Overfull \hbox (10.2499pt too wide) in paragraph at lines 499--500
[][][][][][][][][][][][][][][][][] 
 []


Overfull \hbox (10.2499pt too wide) in paragraph at lines 500--502
[][][][][][] 
 []


Overfull \hbox (10.2499pt too wide) in paragraph at lines 502--503
[][][][][][][][] 
 []


Overfull \hbox (10.2499pt too wide) in paragraph at lines 503--504
[][][][][][][][] 
 []


Overfull \hbox (10.2499pt too wide) in paragraph at lines 504--505
[][][][][][][][][][][][][][][][][][] 
 []


Overfull \hbox (10.2499pt too wide) in paragraph at lines 505--506
[][][][][][][][] 
 []


Overfull \hbox (10.2499pt too wide) in paragraph at lines 506--507
[][][][][][][][] 
 []

pdfTeX warning (ext4): destination with the same identifier (name{sessioncount.
1}) has been already used, duplicate ignored
<to be read again> 
                   \relax 
l.524 \begin{session}
                      [11

] [12]
Chapter 5.

Overfull \hbox (10.2499pt too wide) in paragraph at lines 575--576
[][][][][][] 
 []


Overfull \hbox (10.2499pt too wide) in paragraph at lines 576--577
[][][][][][][][][][][][] 
 []


Overfull \hbox (10.2499pt too wide) in paragraph at lines 577--578
[][][][][][][][][][][][][][][][][] 
 []


Overfull \hbox (10.2499pt too wide) in paragraph at lines 578--579
[][][][][][][][][][][][][][][][][] 
 []


Overfull \hbox (10.2499pt too wide) in paragraph at lines 579--581
[][][][][][] 
 []


Overfull \hbox (10.2499pt too wide) in paragraph at lines 581--582
[][][][][][][][] 
 []


Overfull \hbox (10.2499pt too wide) in paragraph at lines 582--583
[][][][][][][][] 
 []


Overfull \hbox (10.2499pt too wide) in paragraph at lines 583--584
[][][][][][][][][][][][][][][][][][] 
 []


Overfull \hbox (10.2499pt too wide) in paragraph at lines 584--585
[][][][][][][][] 
 []


Overfull \hbox (10.2499pt too wide) in paragraph at lines 585--587
[][][][][][][][] 
 []

[13

]pdfTeX warning (ext4): destination with the same identifier (name{sessioncount
.1}) has been already used, duplicate ignored
<to be read again> 
                   \relax 
l.603 \begin{session}
                      [14]
Appendix A.
(../ML/ex-4-6-3/ex-4-6-3.sml
Overfull \hbox (10.2499pt too wide) in paragraph at lines 16--17
[][][][][][] 
 []


Overfull \hbox (10.2499pt too wide) in paragraph at lines 17--18
[][][][][][][][][][][][] 
 []


Overfull \hbox (10.2499pt too wide) in paragraph at lines 18--19
[][][][][][][][][][][][][][][][][] 
 []


Overfull \hbox (10.2499pt too wide) in paragraph at lines 19--20
[][][][][][][][][][][][][][][][][] 
 []


Overfull \hbox (10.2499pt too wide) in paragraph at lines 20--22
[][][][][][] 
 []


Overfull \hbox (10.2499pt too wide) in paragraph at lines 22--23
[][][][][][] 
 []


Overfull \hbox (10.2499pt too wide) in paragraph at lines 23--24
[][][][][][][][][][][][][][][][][][][] 
 []


Overfull \hbox (10.2499pt too wide) in paragraph at lines 24--25
[][][][][][][][] 
 []


Overfull \hbox (10.2499pt too wide) in paragraph at lines 25--26
[][][][][][][][] 
 []


Overfull \hbox (10.2499pt too wide) in paragraph at lines 26--28
[][][][][][] 
 []

[15

]
Overfull \hbox (10.2499pt too wide) in paragraph at lines 56--57
[][][][][][][][] 
 []


Overfull \hbox (10.2499pt too wide) in paragraph at lines 57--58
[][][][][][][][] 
 []


Overfull \hbox (10.2499pt too wide) in paragraph at lines 58--59
[][][][][][][][][][][][][][][][][][][][][][][][][] 
 []


Overfull \hbox (10.2499pt too wide) in paragraph at lines 59--61
[][][][][][][][] 
 []


Overfull \hbox (10.2499pt too wide) in paragraph at lines 74--75
[][][][][][][][] 
 []


Overfull \hbox (10.2499pt too wide) in paragraph at lines 75--76
[][][][][][][][] 
 []


Overfull \hbox (10.2499pt too wide) in paragraph at lines 76--77
[][][][][][][][][][][][][][][][][][][][][][][][][] 
 []


Overfull \hbox (10.2499pt too wide) in paragraph at lines 77--78
[][][][][][][][] 
 []


Overfull \hbox (10.2499pt too wide) in paragraph at lines 78--79
[][][][][][][][] 
 []


Overfull \hbox (10.2499pt too wide) in paragraph at lines 92--93
[][][][][][][][] 
 []


Overfull \hbox (10.2499pt too wide) in paragraph at lines 93--94
[][][][][][][][] 
 []


Overfull \hbox (10.2499pt too wide) in paragraph at lines 94--95
[][][][][][][][][][][][][][][][][][][][][][][][][] 
 []


Overfull \hbox (10.2499pt too wide) in paragraph at lines 95--96
[][][][][][][][] 
 []


Overfull \hbox (10.2499pt too wide) in paragraph at lines 96--97
[][][][][][][][] 
 []

[16]
Overfull \hbox (10.2499pt too wide) in paragraph at lines 111--112
[][][][][][][][] 
 []


Overfull \hbox (10.2499pt too wide) in paragraph at lines 112--113
[][][][][][][][] 
 []


Overfull \hbox (10.2499pt too wide) in paragraph at lines 113--114
[][][][][][][][][][][][][][][][][][][][][][][][][] 
 []


Overfull \hbox (10.2499pt too wide) in paragraph at lines 114--115
[][][][][][][][] 
 []


Overfull \hbox (10.2499pt too wide) in paragraph at lines 115--117
[][][][][][][][] 
 []


Overfull \hbox (10.2499pt too wide) in paragraph at lines 133--134
[][][][][][][][] 
 []


Overfull \hbox (10.2499pt too wide) in paragraph at lines 134--135
[][][][][][][][] 
 []


Overfull \hbox (10.2499pt too wide) in paragraph at lines 135--136
[][][][][][][][][][][][][][][][][][][][][][][][][] 
 []


Overfull \hbox (10.2499pt too wide) in paragraph at lines 136--137
[][][][][][][][] 
 []


Overfull \hbox (10.2499pt too wide) in paragraph at lines 137--139
[][][][][][][][] 
 []

) [17]
Appendix B.
(../ML/ex-4-6-4/ex-4-6-4.sml
Overfull \hbox (10.2499pt too wide) in paragraph at lines 3--4
[][][][][][] 
 []


Overfull \hbox (10.2499pt too wide) in paragraph at lines 4--5
[][][][][][][][][][][][] 
 []


Overfull \hbox (10.2499pt too wide) in paragraph at lines 5--6
[][][][][][][][][][][][][][][][][] 
 []


Overfull \hbox (10.2499pt too wide) in paragraph at lines 6--7
[][][][][][][][][][][][][][][][][] 
 []


Overfull \hbox (10.2499pt too wide) in paragraph at lines 7--9
[][][][][][] 
 []


Overfull \hbox (10.2499pt too wide) in paragraph at lines 9--10
[][][][][][][][] 
 []


Overfull \hbox (10.2499pt too wide) in paragraph at lines 10--11
[][][][][][][][] 
 []


Overfull \hbox (10.2499pt too wide) in paragraph at lines 11--12
[][][][][][][][][][][][][][][][][][] 
 []


Overfull \hbox (10.2499pt too wide) in paragraph at lines 12--13
[][][][][][][][] 
 []


Overfull \hbox (10.2499pt too wide) in paragraph at lines 13--15
[][][][][][][][] 
 []

) [18

]
Appendix C.
(../ML/ex-5-3-4/ex-5-3-4.sml
Overfull \hbox (10.2499pt too wide) in paragraph at lines 2--3
[][][][][][] 
 []


Overfull \hbox (10.2499pt too wide) in paragraph at lines 3--4
[][][][][][][][][][][][] 
 []


Overfull \hbox (10.2499pt too wide) in paragraph at lines 4--5
[][][][][][][][][][][][][][][][][] 
 []


Overfull \hbox (10.2499pt too wide) in paragraph at lines 5--6
[][][][][][][][][][][][][][][][][] 
 []


Overfull \hbox (10.2499pt too wide) in paragraph at lines 6--8
[][][][][][] 
 []


Overfull \hbox (10.2499pt too wide) in paragraph at lines 8--9
[][][][][][][][] 
 []


Overfull \hbox (10.2499pt too wide) in paragraph at lines 9--10
[][][][][][][][] 
 []


Overfull \hbox (10.2499pt too wide) in paragraph at lines 10--11
[][][][][][][][][][][][][][][][][][] 
 []


Overfull \hbox (10.2499pt too wide) in paragraph at lines 11--12
[][][][][][][][] 
 []


Overfull \hbox (10.2499pt too wide) in paragraph at lines 12--13
[][][][][][][][] 
 []

) [19

]
Appendix D.
(../ML/ex-5-3-5/ex-5-3-5.sml
Overfull \hbox (10.2499pt too wide) in paragraph at lines 2--3
[][][][][][] 
 []


Overfull \hbox (10.2499pt too wide) in paragraph at lines 3--4
[][][][][][][][][][][][] 
 []


Overfull \hbox (10.2499pt too wide) in paragraph at lines 4--5
[][][][][][][][][][][][][][][][][] 
 []


Overfull \hbox (10.2499pt too wide) in paragraph at lines 5--6
[][][][][][][][][][][][][][][][][] 
 []


Overfull \hbox (10.2499pt too wide) in paragraph at lines 6--8
[][][][][][] 
 []


Overfull \hbox (10.2499pt too wide) in paragraph at lines 8--9
[][][][][][][][] 
 []


Overfull \hbox (10.2499pt too wide) in paragraph at lines 9--10
[][][][][][][][] 
 []


Overfull \hbox (10.2499pt too wide) in paragraph at lines 10--11
[][][][][][][][][][][][][][][][][][] 
 []


Overfull \hbox (10.2499pt too wide) in paragraph at lines 11--12
[][][][][][][][] 
 []


Overfull \hbox (10.2499pt too wide) in paragraph at lines 12--14
[][][][][][][][] 
 []

)
Package atveryend Info: Empty hook `BeforeClearDocument' on input line 648.
 [20

]
Package atveryend Info: Empty hook `AfterLastShipout' on input line 648.
 (./P3_jwei15.aux)
Package atveryend Info: Executing hook `AtVeryEndDocument' on input line 648.
Package atveryend Info: Executing hook `AtEndAfterFileList' on input line 648.
Package rerunfilecheck Info: File `P3_jwei15.out' has not changed.
(rerunfilecheck)             Checksum: 5DBFB7427D7C1DD72A705B7CC373CCD7;2446.
Package atveryend Info: Empty hook `AtVeryVeryEnd' on input line 648.
 ) 
Here is how much of TeX's memory you used:
 9368 strings out of 494953
 134712 string characters out of 6180977
 264572 words of memory out of 5000000
 12004 multiletter control sequences out of 15000+600000
 14597 words of font info for 55 fonts, out of 8000000 for 9000
 14 hyphenation exceptions out of 8191
 39i,12n,45p,522b,1682s stack positions out of 5000i,500n,10000p,200000b,80000s
 </home/csbd/.texmf-var/fonts/pk/ljfour/jknappen/ec/tcti1000.600pk> </home/cs
bd/.texmf-var/fonts/pk/ljfour/jknappen/ec/tcrm1000.600pk></usr/share/texlive/te
xmf-dist/fonts/type1/public/amsfonts/cm/cmbx10.pfb></usr/share/texlive/texmf-di
st/fonts/type1/public/amsfonts/cm/cmbx12.pfb></usr/share/texlive/texmf-dist/fon
ts/type1/public/amsfonts/cm/cmbx7.pfb></usr/share/texlive/texmf-dist/fonts/type
1/public/amsfonts/cm/cmcsc10.pfb></usr/share/texlive/texmf-dist/fonts/type1/pub
lic/amsfonts/cm/cmmi10.pfb></usr/share/texlive/texmf-dist/fonts/type1/public/am
sfonts/cm/cmr10.pfb></usr/share/texlive/texmf-dist/fonts/type1/public/amsfonts/
cm/cmr12.pfb></usr/share/texlive/texmf-dist/fonts/type1/public/amsfonts/cm/cmr1
7.pfb></usr/share/texlive/texmf-dist/fonts/type1/public/amsfonts/cm/cmr7.pfb></
usr/share/texlive/texmf-dist/fonts/type1/public/amsfonts/cm/cmsl8.pfb></usr/sha
re/texlive/texmf-dist/fonts/type1/public/amsfonts/cm/cmsy10.pfb></usr/share/tex
live/texmf-dist/fonts/type1/public/amsfonts/cm/cmti10.pfb></usr/share/texlive/t
exmf-dist/fonts/type1/public/amsfonts/cm/cmtt8.pfb></usr/share/texlive/texmf-di
st/fonts/type1/public/amsfonts/latxfont/lcircle1.pfb>
Output written on P3_jwei15.pdf (22 pages, 211394 bytes).
PDF statistics:
 942 PDF objects out of 1000 (max. 8388607)
 892 compressed objects within 9 object streams
 516 named destinations out of 1000 (max. 500000)
 289 words of extra memory for PDF output out of 10000 (max. 10000000)

